Flow report for leon3mp
Sun Feb  5 18:51:17 2012
Quartus II 32-bit Version 11.1 Build 216 11/23/2011 Service Pack 1 SJ Web Edition


---------------------
; Table of Contents ;
---------------------
  1. Legal Notice
  2. Flow Summary
  3. Flow Settings
  4. Flow Non-Default Global Settings
  5. Flow Elapsed Time
  6. Flow OS Summary
  7. Flow Log



----------------
; Legal Notice ;
----------------
Copyright (C) 1991-2011 Altera Corporation
Your use of Altera Corporation's design tools, logic functions 
and other software and tools, and its AMPP partner logic 
functions, and any output files from any of the foregoing 
(including device programming or simulation files), and any 
associated documentation or information are expressly subject 
to the terms and conditions of the Altera Program License 
Subscription Agreement, Altera MegaCore Function License 
Agreement, or other applicable license agreement, including, 
without limitation, that your use is for the sole purpose of 
programming logic devices manufactured by Altera and sold by 
Altera or its authorized distributors.  Please refer to the 
applicable agreement for further details.



+------------------------------------------------------------------------------------+
; Flow Summary                                                                       ;
+------------------------------------+-----------------------------------------------+
; Flow Status                        ; Successful - Sun Feb  5 18:51:03 2012         ;
; Quartus II 32-bit Version          ; 11.1 Build 216 11/23/2011 SP 1 SJ Web Edition ;
; Revision Name                      ; leon3mp                                       ;
; Top-level Entity Name              ; leon3mp                                       ;
; Family                             ; Cyclone III                                   ;
; Device                             ; EP3C25F324C8                                  ;
; Timing Models                      ; Final                                         ;
; Total logic elements               ; 17,731 / 24,624 ( 72 % )                      ;
;     Total combinational functions  ; 15,185 / 24,624 ( 62 % )                      ;
;     Dedicated logic registers      ; 6,723 / 24,624 ( 27 % )                       ;
; Total registers                    ; 6811                                          ;
; Total pins                         ; 204 / 216 ( 94 % )                            ;
; Total virtual pins                 ; 0                                             ;
; Total memory bits                  ; 233,696 / 608,256 ( 38 % )                    ;
; Embedded Multiplier 9-bit elements ; 2 / 132 ( 2 % )                               ;
; Total PLLs                         ; 3 / 4 ( 75 % )                                ;
+------------------------------------+-----------------------------------------------+


+-----------------------------------------+
; Flow Settings                           ;
+-------------------+---------------------+
; Option            ; Setting             ;
+-------------------+---------------------+
; Start date & time ; 02/05/2012 18:44:31 ;
; Main task         ; Compilation         ;
; Revision Name     ; leon3mp             ;
+-------------------+---------------------+


+--------------------------------------------------------------------------------------------------------------------------------------+
; Flow Non-Default Global Settings                                                                                                     ;
+---------------------------------------------------+---------------------------------------+---------------+-------------+------------+
; Assignment Name                                   ; Value                                 ; Default Value ; Entity Name ; Section Id ;
+---------------------------------------------------+---------------------------------------+---------------+-------------+------------+
; ADV_NETLIST_OPT_SYNTH_GATE_RETIME                 ; On                                    ; Off           ; --          ; --         ;
; ADV_NETLIST_OPT_SYNTH_WYSIWYG_REMAP               ; On                                    ; Off           ; --          ; --         ;
; ALLOW_SYNCH_CTRL_USAGE                            ; Off                                   ; On            ; --          ; --         ;
; COMPILER_SIGNATURE_ID                             ; 52236126688.132843507104366           ; --            ; --          ; --         ;
; CYCLONEII_OPTIMIZATION_TECHNIQUE                  ; Speed                                 ; Balanced      ; --          ; --         ;
; FITTER_EFFORT                                     ; Standard Fit                          ; Auto Fit      ; --          ; --         ;
; FMAX_REQUIREMENT                                  ; 50 MHz                                ; --            ; --          ; --         ;
; NUM_PARALLEL_PROCESSORS                           ; 2                                     ; --            ; --          ; --         ;
; OPTIMIZE_MULTI_CORNER_TIMING                      ; On                                    ; Off           ; --          ; --         ;
; PARTITION_COLOR                                   ; 16764057                              ; --            ; --          ; Top        ;
; PARTITION_FITTER_PRESERVATION_LEVEL               ; PLACEMENT_AND_ROUTING                 ; --            ; --          ; Top        ;
; PARTITION_NETLIST_TYPE                            ; SOURCE                                ; --            ; --          ; Top        ;
; PHYSICAL_SYNTHESIS_ASYNCHRONOUS_SIGNAL_PIPELINING ; On                                    ; Off           ; --          ; --         ;
; PHYSICAL_SYNTHESIS_COMBO_LOGIC                    ; On                                    ; Off           ; --          ; --         ;
; PHYSICAL_SYNTHESIS_COMBO_LOGIC_FOR_AREA           ; On                                    ; Off           ; --          ; --         ;
; PHYSICAL_SYNTHESIS_EFFORT                         ; Extra                                 ; Normal        ; --          ; --         ;
; PHYSICAL_SYNTHESIS_MAP_LOGIC_TO_MEMORY_FOR_AREA   ; On                                    ; Off           ; --          ; --         ;
; PHYSICAL_SYNTHESIS_REGISTER_DUPLICATION           ; On                                    ; Off           ; --          ; --         ;
; PHYSICAL_SYNTHESIS_REGISTER_RETIMING              ; On                                    ; Off           ; --          ; --         ;
; POWER_BOARD_THERMAL_MODEL                         ; None (CONSERVATIVE)                   ; --            ; --          ; --         ;
; POWER_PRESET_COOLING_SOLUTION                     ; 23 MM HEAT SINK WITH 200 LFPM AIRFLOW ; --            ; --          ; --         ;
+---------------------------------------------------+---------------------------------------+---------------+-------------+------------+


+-------------------------------------------------------------------------------------------------------------------------------+
; Flow Elapsed Time                                                                                                             ;
+---------------------------+--------------+-------------------------+---------------------+------------------------------------+
; Module Name               ; Elapsed Time ; Average Processors Used ; Peak Virtual Memory ; Total CPU Time (on all processors) ;
+---------------------------+--------------+-------------------------+---------------------+------------------------------------+
; Analysis & Synthesis      ; 00:02:39     ; 1.0                     ; --                  ; 00:02:27                           ;
; Fitter                    ; 00:03:31     ; 1.0                     ; --                  ; 00:03:25                           ;
; Assembler                 ; 00:00:06     ; 1.0                     ; --                  ; 00:00:03                           ;
; TimeQuest Timing Analyzer ; 00:00:21     ; 1.0                     ; --                  ; 00:00:16                           ;
; Total                     ; 00:06:37     ; --                      ; --                  ; 00:06:11                           ;
+---------------------------+--------------+-------------------------+---------------------+------------------------------------+


+---------------------------------------------------------------------------------------------+
; Flow OS Summary                                                                             ;
+---------------------------+------------------+----------------+------------+----------------+
; Module Name               ; Machine Hostname ; OS Name        ; OS Version ; Processor type ;
+---------------------------+------------------+----------------+------------+----------------+
; Analysis & Synthesis      ; VM192168011032   ; CentOS release ; 6          ; i686           ;
; Fitter                    ; VM192168011032   ; CentOS release ; 6          ; i686           ;
; Assembler                 ; VM192168011032   ; CentOS release ; 6          ; i686           ;
; TimeQuest Timing Analyzer ; VM192168011032   ; CentOS release ; 6          ; i686           ;
+---------------------------+------------------+----------------+------------+----------------+


------------
; Flow Log ;
------------
quartus_map --read_settings_files=on --write_settings_files=off leon3mp -c leon3mp
quartus_fit --read_settings_files=off --write_settings_files=off leon3mp -c leon3mp
quartus_asm --read_settings_files=off --write_settings_files=off leon3mp -c leon3mp
quartus_sta leon3mp -c leon3mp



