This file contains any messages produced by compilers while
running configure, to aid debugging if configure makes a mistake.

It was created by configure, which was
generated by GNU Autoconf 2.59.  Invocation command line was

  $ ./configure --host=sparc-linux

## --------- ##
## Platform. ##
## --------- ##

hostname = pundit
uname -m = i686
uname -r = 2.4.24-win4lin
uname -s = Linux
uname -v = #1 Fri Jun 11 14:02:16 CEST 2004

/usr/bin/uname -p = unknown
/bin/uname -X     = unknown

/bin/arch              = i686
/usr/bin/arch -k       = unknown
/usr/convex/getsysinfo = unknown
hostinfo               = unknown
/bin/machine           = unknown
/usr/bin/oslevel       = unknown
/bin/universe          = unknown

PATH: /usr/local/bin
PATH: /usr/bin
PATH: /bin
PATH: /usr/X11R6/bin
PATH: /usr/games
PATH: /opt/www/htdig/bin
PATH: /usr/lib/java/bin
PATH: /usr/lib/java/jre/bin
PATH: /opt/kde/bin
PATH: /usr/lib/qt-3.2.1/bin
PATH: /usr/share/texmf/bin
PATH: .
PATH: /opt/leox/gnu/bin
PATH: /home/eiselekd/sparc-rtems-flat
PATH: /opt/rtems/bin
PATH: /opt/sparc-linux/bin
PATH: /opt/tsim-leon-mmu-1.1.7
PATH: /usr/local/modeltech/bin
PATH: /opt/sparc-linux-fpu/bin
PATH: /mnt/hd/eiselekd/tmp/vtcl-1.6.0
PATH: /home/eiselekd/eclipse


## ----------- ##
## Core tests. ##
## ----------- ##

configure:1299: checking build system type
configure:1317: result: i686-pc-linux-gnu
configure:1325: checking host system type
configure:1339: result: sparc-unknown-linux-gnu
configure:1347: checking target system type
configure:1361: result: sparc-unknown-linux-gnu
configure:1390: checking for a BSD-compatible install
configure:1445: result: /usr/bin/ginstall -c
configure:1456: checking whether build environment is sane
configure:1499: result: yes
configure:1532: checking for gawk
configure:1548: found /usr/bin/gawk
configure:1558: result: gawk
configure:1568: checking whether make sets $(MAKE)
configure:1588: result: yes
configure:1648: checking for sparc-linux-strip
configure:1664: found /opt/sparc-linux/bin/sparc-linux-strip
configure:1674: result: sparc-linux-strip
configure:1756: checking for sparc-linux-gcc
configure:1772: found /opt/sparc-linux/bin/sparc-linux-gcc
configure:1782: result: sparc-linux-gcc
configure:2064: checking for C compiler version
configure:2067: sparc-linux-gcc --version </dev/null >&5
sparc-linux-gcc (GCC) 3.2.2
Copyright (C) 2002 Free Software Foundation, Inc.
This is free software; see the source for copying conditions.  There is NO
warranty; not even for MERCHANTABILITY or FITNESS FOR A PARTICULAR PURPOSE.

configure:2070: $? = 0
configure:2072: sparc-linux-gcc -v </dev/null >&5
Reading specs from /opt/sparc-linux/lib/gcc-lib/sparc-linux/3.2.2/specs
Configured with: ../gcc-3.2.2/configure --target=sparc-linux --with-gnu-as --with-gnu-ld --verbose --prefix=/opt/sparc-linux --enable-threads=posix --enable-languages=c --disable-shared --disable-nls --with-headers=/opt/sparc-linux/sparc-linux/include --with-libs=/opt/sparc-linux/sparc-linux/lib --with-cpu=leon
Thread model: posix
gcc version 3.2.2
configure:2075: $? = 0
configure:2077: sparc-linux-gcc -V </dev/null >&5
sparc-linux-gcc: argument to `-V' is missing
configure:2080: $? = 1
configure:2103: checking for C compiler default output file name
configure:2106: sparc-linux-gcc    conftest.c  >&5
configure:2109: $? = 0
configure:2155: result: a.out
configure:2160: checking whether the C compiler works
configure:2166: ./a.out
./configure: line 1: ./a.out: cannot execute binary file
configure:2169: $? = 126
configure:2186: result: yes
configure:2193: checking whether we are cross compiling
configure:2195: result: yes
configure:2198: checking for suffix of executables
configure:2200: sparc-linux-gcc -o conftest    conftest.c  >&5
configure:2203: $? = 0
configure:2228: result: 
configure:2234: checking for suffix of object files
configure:2255: sparc-linux-gcc -c   conftest.c >&5
configure:2258: $? = 0
configure:2280: result: o
configure:2284: checking whether we are using the GNU C compiler
configure:2308: sparc-linux-gcc -c   conftest.c >&5
configure:2314: $? = 0
configure:2317: test -z 			 || test ! -s conftest.err
configure:2320: $? = 0
configure:2323: test -s conftest.o
configure:2326: $? = 0
configure:2339: result: yes
configure:2345: checking whether sparc-linux-gcc accepts -g
configure:2366: sparc-linux-gcc -c -g  conftest.c >&5
configure:2372: $? = 0
configure:2375: test -z 			 || test ! -s conftest.err
configure:2378: $? = 0
configure:2381: test -s conftest.o
configure:2384: $? = 0
configure:2395: result: yes
configure:2412: checking for sparc-linux-gcc option to accept ANSI C
configure:2482: sparc-linux-gcc  -c -g -O2  conftest.c >&5
configure:2488: $? = 0
configure:2491: test -z 			 || test ! -s conftest.err
configure:2494: $? = 0
configure:2497: test -s conftest.o
configure:2500: $? = 0
configure:2518: result: none needed
configure:2536: sparc-linux-gcc -c -g -O2  conftest.c >&5
conftest.c:2: parse error before "me"
configure:2542: $? = 1
configure: failed program was:
| #ifndef __cplusplus
|   choke me
| #endif
configure:2691: checking for style of include used by make
configure:2719: result: GNU
configure:2747: checking dependency style of sparc-linux-gcc
configure:2809: result: none
configure:2831: Adding gcc options: -g -O2 -Wunused -Wall
configure:2980: creating ./config.status

## ---------------------- ##
## Running config.status. ##
## ---------------------- ##

This file was extended by config.status, which was
generated by GNU Autoconf 2.59.  Invocation command line was

  CONFIG_FILES    = 
  CONFIG_HEADERS  = 
  CONFIG_LINKS    = 
  CONFIG_COMMANDS = 
  $ ./config.status 

on pundit

config.status:725: creating Makefile
config.status:870: executing depfiles commands

## ---------------- ##
## Cache variables. ##
## ---------------- ##

ac_cv_build=i686-pc-linux-gnu
ac_cv_build_alias=i686-pc-linux-gnu
ac_cv_c_compiler_gnu=yes
ac_cv_env_CC_set=
ac_cv_env_CC_value=
ac_cv_env_CFLAGS_set=
ac_cv_env_CFLAGS_value=
ac_cv_env_CPPFLAGS_set=
ac_cv_env_CPPFLAGS_value=
ac_cv_env_LDFLAGS_set=
ac_cv_env_LDFLAGS_value=
ac_cv_env_build_alias_set=
ac_cv_env_build_alias_value=
ac_cv_env_host_alias_set=set
ac_cv_env_host_alias_value=sparc-linux
ac_cv_env_target_alias_set=
ac_cv_env_target_alias_value=
ac_cv_exeext=
ac_cv_host=sparc-unknown-linux-gnu
ac_cv_host_alias=sparc-linux
ac_cv_objext=o
ac_cv_path_install='/usr/bin/ginstall -c'
ac_cv_prog_AWK=gawk
ac_cv_prog_CC=sparc-linux-gcc
ac_cv_prog_STRIP=sparc-linux-strip
ac_cv_prog_cc_g=yes
ac_cv_prog_cc_stdc=
ac_cv_prog_make_make_set=yes
ac_cv_target=sparc-unknown-linux-gnu
ac_cv_target_alias=sparc-linux
am_cv_CC_dependencies_compiler_type=none

## ----------------- ##
## Output variables. ##
## ----------------- ##

ACLOCAL='${SHELL} /home/eiselekd/tmp3/module-init-tools-3.1-pre6/missing --run aclocal-1.6'
AMDEPBACKSLASH='\'
AMDEP_FALSE='#'
AMDEP_TRUE=''
AMTAR='${SHELL} /home/eiselekd/tmp3/module-init-tools-3.1-pre6/missing --run tar'
AUTOCONF='${SHELL} /home/eiselekd/tmp3/module-init-tools-3.1-pre6/missing --run autoconf'
AUTOHEADER='${SHELL} /home/eiselekd/tmp3/module-init-tools-3.1-pre6/missing --run autoheader'
AUTOMAKE='${SHELL} /home/eiselekd/tmp3/module-init-tools-3.1-pre6/missing --run automake-1.6'
AWK='gawk'
CC='sparc-linux-gcc'
CCDEPMODE='depmode=none'
CFLAGS='-g -O2 -Wunused -Wall'
CPPFLAGS=''
DEFS='-DPACKAGE_NAME=\"\" -DPACKAGE_TARNAME=\"\" -DPACKAGE_VERSION=\"\" -DPACKAGE_STRING=\"\" -DPACKAGE_BUGREPORT=\"\" -DPACKAGE=\"module-init-tools\" -DVERSION=\"3.1-pre6\" '
DEPDIR='.deps'
ECHO_C=''
ECHO_N='-n'
ECHO_T=''
EXEEXT=''
INSTALL_DATA='${INSTALL} -m 644'
INSTALL_PROGRAM='${INSTALL}'
INSTALL_SCRIPT='${INSTALL}'
INSTALL_STRIP_PROGRAM='${SHELL} $(install_sh) -c -s'
LDADD=' '
LDFLAGS=''
LIBOBJS=''
LIBS=''
LTLIBOBJS=''
MAKEINFO='${SHELL} /home/eiselekd/tmp3/module-init-tools-3.1-pre6/missing --run makeinfo'
MODULE_DIR=''
OBJEXT='o'
PACKAGE='module-init-tools'
PACKAGE_BUGREPORT=''
PACKAGE_NAME=''
PACKAGE_STRING=''
PACKAGE_TARNAME=''
PACKAGE_VERSION=''
PATH_SEPARATOR=':'
SET_MAKE=''
SHELL='/bin/sh'
STRIP='sparc-linux-strip'
VERSION='3.1-pre6'
ac_ct_CC=''
ac_ct_STRIP=''
am__include='include'
am__quote=''
bindir='${exec_prefix}/bin'
build='i686-pc-linux-gnu'
build_alias=''
build_cpu='i686'
build_os='linux-gnu'
build_vendor='pc'
datadir='${prefix}/share'
exec_prefix='${prefix}'
host='sparc-unknown-linux-gnu'
host_alias='sparc-linux'
host_cpu='sparc'
host_os='linux-gnu'
host_vendor='unknown'
includedir='${prefix}/include'
infodir='${prefix}/info'
install_sh='/home/eiselekd/tmp3/module-init-tools-3.1-pre6/install-sh'
libdir='${exec_prefix}/lib'
libexecdir='${exec_prefix}/libexec'
localstatedir='${prefix}/var'
mandir='${prefix}/man'
oldincludedir='/usr/include'
prefix='/usr/local'
program_transform_name='s,x,x,'
sbindir='${exec_prefix}/sbin'
sharedstatedir='${prefix}/com'
sysconfdir='${prefix}/etc'
target='sparc-unknown-linux-gnu'
target_alias=''
target_cpu='sparc'
target_os='linux-gnu'
target_vendor='unknown'

## ----------- ##
## confdefs.h. ##
## ----------- ##

#define PACKAGE "module-init-tools"
#define PACKAGE_BUGREPORT ""
#define PACKAGE_NAME ""
#define PACKAGE_STRING ""
#define PACKAGE_TARNAME ""
#define PACKAGE_VERSION ""
#define VERSION "3.1-pre6"

configure: exit 0
