Output of:
sparc-linux-gcc -Wl,-Bdynamic -mcpu=v8 -msoft-float -Wl,-rpath /lib -o busybox_unstripped -Wl,--sort-common -Wl,--sort-section -Wl,alignment -Wl,--gc-sections -Wl,--start-group applets/built-in.o archival/lib.a archival/libunarchive/lib.a console-tools/lib.a coreutils/lib.a coreutils/libcoreutils/lib.a debianutils/lib.a e2fsprogs/lib.a editors/lib.a findutils/lib.a init/lib.a ipsvd/lib.a libbb/lib.a libpwdgrp/lib.a loginutils/lib.a miscutils/lib.a modutils/lib.a networking/lib.a networking/libiproute/lib.a networking/udhcp/lib.a procps/lib.a runit/lib.a selinux/lib.a shell/lib.a sysklogd/lib.a util-linux/lib.a archival/built-in.o archival/libunarchive/built-in.o console-tools/built-in.o coreutils/built-in.o coreutils/libcoreutils/built-in.o debianutils/built-in.o e2fsprogs/built-in.o editors/built-in.o findutils/built-in.o init/built-in.o ipsvd/built-in.o libbb/built-in.o libpwdgrp/built-in.o loginutils/built-in.o miscutils/built-in.o modutils/built-in.o networking/built-in.o networking/libiproute/built-in.o networking/udhcp/built-in.o procps/built-in.o runit/built-in.o selinux/built-in.o shell/built-in.o sysklogd/built-in.o util-linux/built-in.o -Wl,--end-group -Wl,--start-group -lcrypt -lm -Wl,--end-group -Wl,--warn-common -Wl,-Map -Wl,busybox_unstripped.map -Wl,--verbose
==========
GNU ld version 2.16.1
  Supported emulations:
   elf32_sparc
   sparclinux
   elf64_sparc
   sun4
using internal linker script:
==================================================
/* Script for -z combreloc: combine and sort reloc sections */
OUTPUT_FORMAT("elf32-sparc", "elf32-sparc",
	      "elf32-sparc")
OUTPUT_ARCH(sparc)
ENTRY(_start)
SEARCH_DIR("/opt/sparc-linux-3.4.4/sparc-linux/lib");
/* Do we need any of these for elf?
   __DYNAMIC = 0;    */
SECTIONS
{
  /* Read-only sections, merged into text segment: */
  PROVIDE (__executable_start = 0x10000); . = 0x10000 + SIZEOF_HEADERS;
  .interp         : { *(.interp) }
  .hash           : { *(.hash) }
  .dynsym         : { *(.dynsym) }
  .dynstr         : { *(.dynstr) }
  .gnu.version    : { *(.gnu.version) }
  .gnu.version_d  : { *(.gnu.version_d) }
  .gnu.version_r  : { *(.gnu.version_r) }
  .rel.dyn        :
    {
      *(.rel.init)
      *(.rel.text .rel.text.* .rel.gnu.linkonce.t.*)
      *(.rel.fini)
      *(.rel.rodata .rel.rodata.* .rel.gnu.linkonce.r.*)
      *(.rel.data.rel.ro*)
      *(.rel.data .rel.data.* .rel.gnu.linkonce.d.*)
      *(.rel.tdata .rel.tdata.* .rel.gnu.linkonce.td.*)
      *(.rel.tbss .rel.tbss.* .rel.gnu.linkonce.tb.*)
      *(.rel.ctors)
      *(.rel.dtors)
      *(.rel.got)
      *(.rel.bss .rel.bss.* .rel.gnu.linkonce.b.*)
    }
  .rela.dyn       :
    {
      *(.rela.init)
      *(.rela.text .rela.text.* .rela.gnu.linkonce.t.*)
      *(.rela.fini)
      *(.rela.rodata .rela.rodata.* .rela.gnu.linkonce.r.*)
      *(.rela.data .rela.data.* .rela.gnu.linkonce.d.*)
      *(.rela.tdata .rela.tdata.* .rela.gnu.linkonce.td.*)
      *(.rela.tbss .rela.tbss.* .rela.gnu.linkonce.tb.*)
      *(.rela.ctors)
      *(.rela.dtors)
      *(.rela.got)
      *(.rela.bss .rela.bss.* .rela.gnu.linkonce.b.*)
    }
  .rel.plt        : { *(.rel.plt) }
  .rela.plt       : { *(.rela.plt) }
  .init           :
  {
    KEEP (*(.init))
  } =0
  .text           :
  {
    *(.text .stub .text.* .gnu.linkonce.t.*)
    KEEP (*(.text.*personality*))
    /* .gnu.warning sections are handled specially by elf32.em.  */
    *(.gnu.warning)
  } =0
  .fini           :
  {
    KEEP (*(.fini))
  } =0
  PROVIDE (__etext = .);
  PROVIDE (_etext = .);
  PROVIDE (etext = .);
  .rodata         : { *(.rodata .rodata.* .gnu.linkonce.r.*) }
  .rodata1        : { *(.rodata1) }
  .eh_frame_hdr : { *(.eh_frame_hdr) }
  .eh_frame       : ONLY_IF_RO { KEEP (*(.eh_frame)) }
  .gcc_except_table   : ONLY_IF_RO { KEEP (*(.gcc_except_table)) *(.gcc_except_table.*) }
  /* Adjust the address for the data segment.  We want to adjust up to
     the same address within the page on the next page up.  */
  . = ALIGN (0x10000) - ((0x10000 - .) & (0x10000 - 1)); . = DATA_SEGMENT_ALIGN (0x10000, 0x2000);
  /* Exception handling  */
  .eh_frame       : ONLY_IF_RW { KEEP (*(.eh_frame)) }
  .gcc_except_table   : ONLY_IF_RW { KEEP (*(.gcc_except_table)) *(.gcc_except_table.*) }
  /* Thread Local Storage sections  */
  .tdata	  : { *(.tdata .tdata.* .gnu.linkonce.td.*) }
  .tbss		  : { *(.tbss .tbss.* .gnu.linkonce.tb.*) *(.tcommon) }
  /* Ensure the __preinit_array_start label is properly aligned.  We
     could instead move the label definition inside the section, but
     the linker would then create the section even if it turns out to
     be empty, which isn't pretty.  */
  . = ALIGN(8);
  PROVIDE (__preinit_array_start = .);
  .preinit_array     : { KEEP (*(.preinit_array)) }
  PROVIDE (__preinit_array_end = .);
  PROVIDE (__init_array_start = .);
  .init_array     : { KEEP (*(.init_array)) }
  PROVIDE (__init_array_end = .);
  PROVIDE (__fini_array_start = .);
  .fini_array     : { KEEP (*(.fini_array)) }
  PROVIDE (__fini_array_end = .);
  .ctors          :
  {
    /* gcc uses crtbegin.o to find the start of
       the constructors, so we make sure it is
       first.  Because this is a wildcard, it
       doesn't matter if the user does not
       actually link against crtbegin.o; the
       linker won't look for a file to match a
       wildcard.  The wildcard also means that it
       doesn't matter which directory crtbegin.o
       is in.  */
    KEEP (*crtbegin*.o(.ctors))
    /* We don't want to include the .ctor section from
       from the crtend.o file until after the sorted ctors.
       The .ctor section from the crtend file contains the
       end of ctors marker and it must be last */
    KEEP (*(EXCLUDE_FILE (*crtend*.o ) .ctors))
    KEEP (*(SORT(.ctors.*)))
    KEEP (*(.ctors))
  }
  .dtors          :
  {
    KEEP (*crtbegin*.o(.dtors))
    KEEP (*(EXCLUDE_FILE (*crtend*.o ) .dtors))
    KEEP (*(SORT(.dtors.*)))
    KEEP (*(.dtors))
  }
  .jcr            : { KEEP (*(.jcr)) }
  .data.rel.ro : { *(.data.rel.ro.local) *(.data.rel.ro*) }
  .dynamic        : { *(.dynamic) }
  . = DATA_SEGMENT_RELRO_END (0, .);
  .got            : { *(.got.plt) *(.got) }
  .plt            : { *(.plt) }
  .data           :
  {
    *(.data .data.* .gnu.linkonce.d.*)
    KEEP (*(.gnu.linkonce.d.*personality*))
    SORT(CONSTRUCTORS)
  }
  .data1          : { *(.data1) }
  _edata = .;
  PROVIDE (edata = .);
  __bss_start = .;
  .bss            :
  {
   *(.dynbss)
   *(.bss .bss.* .gnu.linkonce.b.*)
   *(COMMON)
   /* Align here to ensure that the .bss section occupies space up to
      _end.  Align after .bss to ensure correct alignment even if the
      .bss section disappears because there are no input sections.  */
   . = ALIGN(8);
  }
  . = ALIGN(8);
  _end = .;
  PROVIDE (end = .);
  . = DATA_SEGMENT_END (.);
  /* Stabs debugging sections.  */
  .stab          0 : { *(.stab) }
  .stabstr       0 : { *(.stabstr) }
  .stab.excl     0 : { *(.stab.excl) }
  .stab.exclstr  0 : { *(.stab.exclstr) }
  .stab.index    0 : { *(.stab.index) }
  .stab.indexstr 0 : { *(.stab.indexstr) }
  .comment       0 : { *(.comment) }
  /* DWARF debug sections.
     Symbols in the DWARF debugging sections are relative to the beginning
     of the section so we begin them at 0.  */
  /* DWARF 1 */
  .debug          0 : { *(.debug) }
  .line           0 : { *(.line) }
  /* GNU DWARF 1 extensions */
  .debug_srcinfo  0 : { *(.debug_srcinfo) }
  .debug_sfnames  0 : { *(.debug_sfnames) }
  /* DWARF 1.1 and DWARF 2 */
  .debug_aranges  0 : { *(.debug_aranges) }
  .debug_pubnames 0 : { *(.debug_pubnames) }
  /* DWARF 2 */
  .debug_info     0 : { *(.debug_info .gnu.linkonce.wi.*) }
  .debug_abbrev   0 : { *(.debug_abbrev) }
  .debug_line     0 : { *(.debug_line) }
  .debug_frame    0 : { *(.debug_frame) }
  .debug_str      0 : { *(.debug_str) }
  .debug_loc      0 : { *(.debug_loc) }
  .debug_macinfo  0 : { *(.debug_macinfo) }
  /* SGI/MIPS DWARF 2 extensions */
  .debug_weaknames 0 : { *(.debug_weaknames) }
  .debug_funcnames 0 : { *(.debug_funcnames) }
  .debug_typenames 0 : { *(.debug_typenames) }
  .debug_varnames  0 : { *(.debug_varnames) }
  /DISCARD/ : { *(.note.GNU-stack) }
}


==================================================
attempt to open /opt/sparc-linux-3.4.4/lib/gcc/sparc-linux/3.4.4/../../../../sparc-linux/lib/soft/v8/crt1.o succeeded
/opt/sparc-linux-3.4.4/lib/gcc/sparc-linux/3.4.4/../../../../sparc-linux/lib/soft/v8/crt1.o
attempt to open /opt/sparc-linux-3.4.4/lib/gcc/sparc-linux/3.4.4/soft/v8/crti.o succeeded
/opt/sparc-linux-3.4.4/lib/gcc/sparc-linux/3.4.4/soft/v8/crti.o
attempt to open /opt/sparc-linux-3.4.4/lib/gcc/sparc-linux/3.4.4/soft/v8/crtbegin.o succeeded
/opt/sparc-linux-3.4.4/lib/gcc/sparc-linux/3.4.4/soft/v8/crtbegin.o
attempt to open applets/built-in.o succeeded
applets/built-in.o
attempt to open archival/lib.a succeeded
attempt to open archival/libunarchive/lib.a succeeded
attempt to open console-tools/lib.a succeeded
attempt to open coreutils/lib.a succeeded
attempt to open coreutils/libcoreutils/lib.a succeeded
attempt to open debianutils/lib.a succeeded
attempt to open e2fsprogs/lib.a succeeded
attempt to open editors/lib.a succeeded
attempt to open findutils/lib.a succeeded
attempt to open init/lib.a succeeded
attempt to open ipsvd/lib.a succeeded
attempt to open libbb/lib.a succeeded
(libbb/lib.a)appletlib.o
(libbb/lib.a)bb_basename.o
(libbb/lib.a)concat_path_file.o
(libbb/lib.a)default_error_retval.o
(libbb/lib.a)error_msg_and_die.o
(libbb/lib.a)get_last_path_component.o
(libbb/lib.a)last_char_is.o
(libbb/lib.a)messages.o
(libbb/lib.a)perror_msg.o
(libbb/lib.a)verror_msg.o
(libbb/lib.a)xfuncs.o
(libbb/lib.a)xreadlink.o
(libbb/lib.a)copyfd.o
(libbb/lib.a)error_msg.o
(libbb/lib.a)full_write.o
(libbb/lib.a)perror_msg_and_die.o
(libbb/lib.a)read.o
(libbb/lib.a)safe_write.o
attempt to open libpwdgrp/lib.a succeeded
attempt to open loginutils/lib.a succeeded
(loginutils/lib.a)addgroup.o
(loginutils/lib.a)adduser.o
(loginutils/lib.a)chpasswd.o
(loginutils/lib.a)cryptpw.o
(loginutils/lib.a)deluser.o
(loginutils/lib.a)getty.o
(loginutils/lib.a)login.o
(loginutils/lib.a)passwd.o
(loginutils/lib.a)su.o
(loginutils/lib.a)sulogin.o
(loginutils/lib.a)vlock.o
attempt to open miscutils/lib.a succeeded
(miscutils/lib.a)adjtimex.o
(miscutils/lib.a)chrt.o
(miscutils/lib.a)crond.o
(miscutils/lib.a)crontab.o
(miscutils/lib.a)dc.o
(miscutils/lib.a)eject.o
(miscutils/lib.a)hdparm.o
(miscutils/lib.a)last.o
(miscutils/lib.a)less.o
(miscutils/lib.a)makedevs.o
(miscutils/lib.a)microcom.o
(miscutils/lib.a)mountpoint.o
(miscutils/lib.a)mt.o
(miscutils/lib.a)raidautorun.o
(miscutils/lib.a)readahead.o
(miscutils/lib.a)runlevel.o
(miscutils/lib.a)rx.o
(miscutils/lib.a)setsid.o
(miscutils/lib.a)strings.o
(miscutils/lib.a)time.o
(miscutils/lib.a)ttysize.o
(miscutils/lib.a)watchdog.o
attempt to open modutils/lib.a succeeded
(modutils/lib.a)lsmod.o
(modutils/lib.a)modprobe.o
attempt to open networking/lib.a succeeded
(networking/lib.a)arp.o
(networking/lib.a)arping.o
(networking/lib.a)dnsd.o
(networking/lib.a)ether-wake.o
(networking/lib.a)ftpgetput.o
(networking/lib.a)hostname.o
(networking/lib.a)httpd.o
(networking/lib.a)ifconfig.o
(networking/lib.a)ifupdown.o
(networking/lib.a)inetd.o
(networking/lib.a)interface.o
(networking/lib.a)ip.o
(networking/lib.a)ipcalc.o
(networking/lib.a)isrv_identd.o
(networking/lib.a)nameif.o
(networking/lib.a)nc.o
(networking/lib.a)netstat.o
(networking/lib.a)nslookup.o
(networking/lib.a)ping.o
(networking/lib.a)pscan.o
(networking/lib.a)route.o
(networking/lib.a)slattach.o
(networking/lib.a)telnet.o
(networking/lib.a)telnetd.o
(networking/lib.a)tftp.o
(networking/lib.a)traceroute.o
(networking/lib.a)vconfig.o
(networking/lib.a)wget.o
(networking/lib.a)zcip.o
(networking/lib.a)isrv.o
attempt to open networking/libiproute/lib.a succeeded
(networking/libiproute/lib.a)ip_parse_common_args.o
(networking/libiproute/lib.a)ipaddress.o
(networking/libiproute/lib.a)iplink.o
(networking/libiproute/lib.a)iproute.o
(networking/libiproute/lib.a)iprule.o
(networking/libiproute/lib.a)iptunnel.o
(networking/libiproute/lib.a)libnetlink.o
(networking/libiproute/lib.a)ll_addr.o
(networking/libiproute/lib.a)ll_map.o
(networking/libiproute/lib.a)ll_types.o
(networking/libiproute/lib.a)rt_names.o
(networking/libiproute/lib.a)rtm_map.o
(networking/libiproute/lib.a)utils.o
attempt to open networking/udhcp/lib.a succeeded
(networking/udhcp/lib.a)dhcpc.o
(networking/udhcp/lib.a)dhcpd.o
(networking/udhcp/lib.a)dhcprelay.o
(networking/udhcp/lib.a)dumpleases.o
(networking/udhcp/lib.a)files.o
(networking/udhcp/lib.a)leases.o
(networking/udhcp/lib.a)options.o
(networking/udhcp/lib.a)packet.o
(networking/udhcp/lib.a)script.o
(networking/udhcp/lib.a)serverpacket.o
(networking/udhcp/lib.a)signalpipe.o
(networking/udhcp/lib.a)socket.o
(networking/udhcp/lib.a)static_leases.o
(networking/udhcp/lib.a)arpping.o
(networking/udhcp/lib.a)clientpacket.o
(networking/udhcp/lib.a)clientsocket.o
(networking/udhcp/lib.a)common.o
(networking/udhcp/lib.a)domain_codec.o
attempt to open procps/lib.a succeeded
(procps/lib.a)free.o
(procps/lib.a)fuser.o
(procps/lib.a)kill.o
(procps/lib.a)nmeter.o
(procps/lib.a)pgrep.o
(procps/lib.a)pidof.o
(procps/lib.a)ps.o
(procps/lib.a)renice.o
(procps/lib.a)sysctl.o
(procps/lib.a)top.o
(procps/lib.a)uptime.o
(procps/lib.a)watch.o
attempt to open runit/lib.a succeeded
(runit/lib.a)chpst.o
(runit/lib.a)runsv.o
(runit/lib.a)runsvdir.o
(runit/lib.a)sv.o
(runit/lib.a)svlogd.o
(runit/lib.a)runit_lib.o
attempt to open selinux/lib.a succeeded
attempt to open shell/lib.a succeeded
(shell/lib.a)hush.o
attempt to open sysklogd/lib.a succeeded
(sysklogd/lib.a)klogd.o
(sysklogd/lib.a)logger.o
(sysklogd/lib.a)logread.o
(sysklogd/lib.a)syslogd.o
attempt to open util-linux/lib.a succeeded
(util-linux/lib.a)dmesg.o
(util-linux/lib.a)fbset.o
(util-linux/lib.a)fdformat.o
(util-linux/lib.a)fdisk.o
(util-linux/lib.a)freeramdisk.o
(util-linux/lib.a)fsck_minix.o
(util-linux/lib.a)getopt.o
(util-linux/lib.a)hexdump.o
(util-linux/lib.a)hwclock.o
(util-linux/lib.a)ipcrm.o
(util-linux/lib.a)ipcs.o
(util-linux/lib.a)losetup.o
(util-linux/lib.a)mdev.o
(util-linux/lib.a)mkfs_minix.o
(util-linux/lib.a)mkswap.o
(util-linux/lib.a)more.o
(util-linux/lib.a)mount.o
(util-linux/lib.a)pivot_root.o
(util-linux/lib.a)rdate.o
(util-linux/lib.a)readprofile.o
(util-linux/lib.a)setarch.o
(util-linux/lib.a)swaponoff.o
(util-linux/lib.a)switch_root.o
(util-linux/lib.a)umount.o
attempt to open archival/built-in.o succeeded
attempt to open archival/libunarchive/built-in.o succeeded
attempt to open console-tools/built-in.o succeeded
attempt to open coreutils/built-in.o succeeded
attempt to open coreutils/libcoreutils/built-in.o succeeded
attempt to open debianutils/built-in.o succeeded
attempt to open e2fsprogs/built-in.o succeeded
attempt to open editors/built-in.o succeeded
attempt to open findutils/built-in.o succeeded
attempt to open init/built-in.o succeeded
attempt to open ipsvd/built-in.o succeeded
attempt to open libbb/built-in.o succeeded
attempt to open libpwdgrp/built-in.o succeeded
attempt to open loginutils/built-in.o succeeded
attempt to open miscutils/built-in.o succeeded
attempt to open modutils/built-in.o succeeded
attempt to open networking/built-in.o succeeded
attempt to open networking/libiproute/built-in.o succeeded
attempt to open networking/udhcp/built-in.o succeeded
attempt to open procps/built-in.o succeeded
attempt to open runit/built-in.o succeeded
attempt to open selinux/built-in.o succeeded
attempt to open shell/built-in.o succeeded
attempt to open sysklogd/built-in.o succeeded
attempt to open util-linux/built-in.o succeeded
(archival/lib.a)ar.o
(archival/lib.a)bbunzip.o
(archival/lib.a)bzip2.o
(archival/lib.a)cpio.o
(archival/lib.a)gzip.o
(archival/lib.a)rpm.o
(archival/lib.a)rpm2cpio.o
(archival/lib.a)tar.o
(archival/lib.a)unzip.o
(archival/libunarchive/lib.a)data_extract_all.o
(archival/libunarchive/lib.a)data_extract_to_stdout.o
(archival/libunarchive/lib.a)data_skip.o
(archival/libunarchive/lib.a)decompress_bunzip2.o
(archival/libunarchive/lib.a)decompress_uncompress.o
(archival/libunarchive/lib.a)decompress_unlzma.o
(archival/libunarchive/lib.a)decompress_unzip.o
(archival/libunarchive/lib.a)filter_accept_list.o
(archival/libunarchive/lib.a)filter_accept_reject_list.o
(archival/libunarchive/lib.a)find_list_entry.o
(archival/libunarchive/lib.a)get_header_ar.o
(archival/libunarchive/lib.a)get_header_cpio.o
(archival/libunarchive/lib.a)get_header_tar.o
(archival/libunarchive/lib.a)get_header_tar_bz2.o
(archival/libunarchive/lib.a)get_header_tar_gz.o
(archival/libunarchive/lib.a)get_header_tar_lzma.o
(archival/libunarchive/lib.a)header_list.o
(archival/libunarchive/lib.a)header_verbose_list.o
(archival/libunarchive/lib.a)init_handle.o
(archival/libunarchive/lib.a)open_transformer.o
(archival/libunarchive/lib.a)seek_by_jump.o
(archival/libunarchive/lib.a)seek_by_read.o
(archival/libunarchive/lib.a)archive_xread_all_eof.o
(archival/libunarchive/lib.a)data_align.o
(archival/libunarchive/lib.a)filter_accept_all.o
(archival/libunarchive/lib.a)header_skip.o
(console-tools/lib.a)chvt.o
(console-tools/lib.a)clear.o
(console-tools/lib.a)deallocvt.o
(console-tools/lib.a)dumpkmap.o
(console-tools/lib.a)kbd_mode.o
(console-tools/lib.a)loadfont.o
(console-tools/lib.a)loadkmap.o
(console-tools/lib.a)openvt.o
(console-tools/lib.a)reset.o
(console-tools/lib.a)resize.o
(console-tools/lib.a)setconsole.o
(console-tools/lib.a)setkeycodes.o
(console-tools/lib.a)setlogcons.o
(coreutils/lib.a)basename.o
(coreutils/lib.a)cal.o
(coreutils/lib.a)cat.o
(coreutils/lib.a)catv.o
(coreutils/lib.a)chgrp.o
(coreutils/lib.a)chmod.o
(coreutils/lib.a)chown.o
(coreutils/lib.a)chroot.o
(coreutils/lib.a)cksum.o
(coreutils/lib.a)comm.o
(coreutils/lib.a)cp.o
(coreutils/lib.a)cut.o
(coreutils/lib.a)date.o
(coreutils/lib.a)dd.o
(coreutils/lib.a)df.o
(coreutils/lib.a)dirname.o
(coreutils/lib.a)dos2unix.o
(coreutils/lib.a)du.o
(coreutils/lib.a)echo.o
(coreutils/lib.a)env.o
(coreutils/lib.a)expand.o
(coreutils/lib.a)expr.o
(coreutils/lib.a)false.o
(coreutils/lib.a)fold.o
(coreutils/lib.a)head.o
(coreutils/lib.a)hostid.o
(coreutils/lib.a)id.o
(coreutils/lib.a)install.o
(coreutils/lib.a)length.o
(coreutils/lib.a)ln.o
(coreutils/lib.a)logname.o
(coreutils/lib.a)ls.o
(coreutils/lib.a)md5_sha1_sum.o
(coreutils/lib.a)mkdir.o
(coreutils/lib.a)mkfifo.o
(coreutils/lib.a)mknod.o
(coreutils/lib.a)mv.o
(coreutils/lib.a)nice.o
(coreutils/lib.a)nohup.o
(coreutils/lib.a)od.o
(coreutils/lib.a)printenv.o
(coreutils/lib.a)printf.o
(coreutils/lib.a)pwd.o
(coreutils/lib.a)readlink.o
(coreutils/lib.a)realpath.o
(coreutils/lib.a)rm.o
(coreutils/lib.a)rmdir.o
(coreutils/lib.a)seq.o
(coreutils/lib.a)sleep.o
(coreutils/lib.a)sort.o
(coreutils/lib.a)split.o
(coreutils/lib.a)stat.o
(coreutils/lib.a)stty.o
(coreutils/lib.a)sum.o
(coreutils/lib.a)sync.o
(coreutils/lib.a)tail.o
(coreutils/lib.a)tee.o
(coreutils/lib.a)test.o
(coreutils/lib.a)touch.o
(coreutils/lib.a)tr.o
(coreutils/lib.a)true.o
(coreutils/lib.a)tty.o
(coreutils/lib.a)uname.o
(coreutils/lib.a)uniq.o
(coreutils/lib.a)usleep.o
(coreutils/lib.a)uudecode.o
(coreutils/lib.a)uuencode.o
(coreutils/lib.a)wc.o
(coreutils/lib.a)who.o
(coreutils/lib.a)whoami.o
(coreutils/lib.a)yes.o
(coreutils/libcoreutils/lib.a)cp_mv_stat.o
(coreutils/libcoreutils/lib.a)getopt_mk_fifo_nod.o
(debianutils/lib.a)mktemp.o
(debianutils/lib.a)pipe_progress.o
(debianutils/lib.a)run_parts.o
(debianutils/lib.a)start_stop_daemon.o
(debianutils/lib.a)which.o
(e2fsprogs/lib.a)chattr.o
(e2fsprogs/lib.a)e2fs_lib.o
(e2fsprogs/lib.a)fsck.o
(e2fsprogs/lib.a)lsattr.o
(editors/lib.a)awk.o
(editors/lib.a)cmp.o
(editors/lib.a)diff.o
(editors/lib.a)ed.o
(editors/lib.a)patch.o
(editors/lib.a)sed.o
(editors/lib.a)vi.o
(findutils/lib.a)find.o
(findutils/lib.a)grep.o
(findutils/lib.a)xargs.o
(init/lib.a)halt.o
(init/lib.a)init.o
(init/lib.a)mesg.o
(ipsvd/lib.a)tcpudp.o
(ipsvd/lib.a)ipsvd_perhost.o
(libbb/lib.a)ask_confirmation.o
(libbb/lib.a)bb_askpass.o
(libbb/lib.a)bb_do_delay.o
(libbb/lib.a)bb_pwd.o
(libbb/lib.a)bb_strtonum.o
(libbb/lib.a)change_identity.o
(libbb/lib.a)chomp.o
(libbb/lib.a)compare_string_array.o
(libbb/lib.a)concat_subpath_file.o
(libbb/lib.a)copy_file.o
(libbb/lib.a)correct_password.o
(libbb/lib.a)crc32.o
(libbb/lib.a)create_icmp6_socket.o
(libbb/lib.a)create_icmp_socket.o
(libbb/lib.a)crypt_make_salt.o
(libbb/lib.a)device_open.o
(libbb/lib.a)dump.o
(libbb/lib.a)execable.o
(libbb/lib.a)fclose_nonstdin.o
(libbb/lib.a)fflush_stdout_and_exit.o
(libbb/lib.a)find_mount_point.o
(libbb/lib.a)find_pid_by_name.o
(libbb/lib.a)find_root_device.o
(libbb/lib.a)get_console.o
(libbb/lib.a)get_line_from_file.o
(libbb/lib.a)getopt32.o
(libbb/lib.a)herror_msg.o
(libbb/lib.a)herror_msg_and_die.o
(libbb/lib.a)human_readable.o
(libbb/lib.a)inet_common.o
(libbb/lib.a)info_msg.o
(libbb/lib.a)inode_hash.o
(libbb/lib.a)isdirectory.o
(libbb/lib.a)kernel_version.o
(libbb/lib.a)lineedit.o
(libbb/lib.a)llist.o
(libbb/lib.a)login.o
(libbb/lib.a)loop.o
(libbb/lib.a)make_directory.o
(libbb/lib.a)makedev.o
(libbb/lib.a)match_fstype.o
(libbb/lib.a)md5.o
(libbb/lib.a)mode_string.o
(libbb/lib.a)mtab_file.o
(libbb/lib.a)obscure.o
(libbb/lib.a)parse_mode.o
(libbb/lib.a)perror_nomsg.o
(libbb/lib.a)perror_nomsg_and_die.o
(libbb/lib.a)pidfile.o
(libbb/lib.a)process_escape_sequence.o
(libbb/lib.a)procps.o
(libbb/lib.a)pw_encrypt.o
(libbb/lib.a)recursive_action.o
(libbb/lib.a)remove_file.o
(libbb/lib.a)restricted_shell.o
(libbb/lib.a)run_shell.o
(libbb/lib.a)safe_poll.o
(libbb/lib.a)safe_strncpy.o
(libbb/lib.a)setup_environment.o
(libbb/lib.a)sha1.o
(libbb/lib.a)simplify_path.o
(libbb/lib.a)skip_whitespace.o
(libbb/lib.a)speed_table.o
(libbb/lib.a)str_tolower.o
(libbb/lib.a)time.o
(libbb/lib.a)trim.o
(libbb/lib.a)u_signal_names.o
(libbb/lib.a)udp_io.o
(libbb/lib.a)update_passwd.o
(libbb/lib.a)uuencode.o
(libbb/lib.a)vfork_daemon_rexec.o
(libbb/lib.a)warn_ignoring_args.o
(libbb/lib.a)wfopen.o
(libbb/lib.a)wfopen_input.o
(libbb/lib.a)xatonum.o
(libbb/lib.a)xconnect.o
(libbb/lib.a)xgetcwd.o
(libbb/lib.a)xgethostbyname.o
(libbb/lib.a)xregcomp.o
(libpwdgrp/lib.a)pwd_grp.o
(libpwdgrp/lib.a)uidgid_get.o
attempt to open /opt/sparc-linux-3.4.4/lib/gcc/sparc-linux/3.4.4/soft/v8/libcrypt.so failed
attempt to open /opt/sparc-linux-3.4.4/lib/gcc/sparc-linux/3.4.4/soft/v8/libcrypt.a failed
attempt to open /opt/sparc-linux-3.4.4/lib/gcc/sparc-linux/3.4.4/libcrypt.so failed
attempt to open /opt/sparc-linux-3.4.4/lib/gcc/sparc-linux/3.4.4/libcrypt.a failed
attempt to open /opt/sparc-linux-3.4.4/lib/gcc/sparc-linux/3.4.4/../../../../sparc-linux/lib/soft/v8/libcrypt.so succeeded
-lcrypt (/opt/sparc-linux-3.4.4/lib/gcc/sparc-linux/3.4.4/../../../../sparc-linux/lib/soft/v8/libcrypt.so)
attempt to open /opt/sparc-linux-3.4.4/lib/gcc/sparc-linux/3.4.4/soft/v8/libm.so failed
attempt to open /opt/sparc-linux-3.4.4/lib/gcc/sparc-linux/3.4.4/soft/v8/libm.a failed
attempt to open /opt/sparc-linux-3.4.4/lib/gcc/sparc-linux/3.4.4/libm.so failed
attempt to open /opt/sparc-linux-3.4.4/lib/gcc/sparc-linux/3.4.4/libm.a failed
attempt to open /opt/sparc-linux-3.4.4/lib/gcc/sparc-linux/3.4.4/../../../../sparc-linux/lib/soft/v8/libm.so succeeded
-lm (/opt/sparc-linux-3.4.4/lib/gcc/sparc-linux/3.4.4/../../../../sparc-linux/lib/soft/v8/libm.so)
attempt to open /opt/sparc-linux-3.4.4/lib/gcc/sparc-linux/3.4.4/soft/v8/libgcc.so failed
attempt to open /opt/sparc-linux-3.4.4/lib/gcc/sparc-linux/3.4.4/soft/v8/libgcc.a succeeded
(/opt/sparc-linux-3.4.4/lib/gcc/sparc-linux/3.4.4/soft/v8/libgcc.a)_lshrdi3.oS
(/opt/sparc-linux-3.4.4/lib/gcc/sparc-linux/3.4.4/soft/v8/libgcc.a)_cmpdi2.oS
(/opt/sparc-linux-3.4.4/lib/gcc/sparc-linux/3.4.4/soft/v8/libgcc.a)_floatdidf.oS
(/opt/sparc-linux-3.4.4/lib/gcc/sparc-linux/3.4.4/soft/v8/libgcc.a)_fixunsdfsi.oS
(/opt/sparc-linux-3.4.4/lib/gcc/sparc-linux/3.4.4/soft/v8/libgcc.a)_divdi3.oS
(/opt/sparc-linux-3.4.4/lib/gcc/sparc-linux/3.4.4/soft/v8/libgcc.a)_moddi3.oS
(/opt/sparc-linux-3.4.4/lib/gcc/sparc-linux/3.4.4/soft/v8/libgcc.a)_udivdi3.oS
(/opt/sparc-linux-3.4.4/lib/gcc/sparc-linux/3.4.4/soft/v8/libgcc.a)_umoddi3.oS
(/opt/sparc-linux-3.4.4/lib/gcc/sparc-linux/3.4.4/soft/v8/libgcc.a)_addsub_sf.oS
(/opt/sparc-linux-3.4.4/lib/gcc/sparc-linux/3.4.4/soft/v8/libgcc.a)_mul_sf.oS
(/opt/sparc-linux-3.4.4/lib/gcc/sparc-linux/3.4.4/soft/v8/libgcc.a)_si_to_sf.oS
(/opt/sparc-linux-3.4.4/lib/gcc/sparc-linux/3.4.4/soft/v8/libgcc.a)_sf_to_df.oS
(/opt/sparc-linux-3.4.4/lib/gcc/sparc-linux/3.4.4/soft/v8/libgcc.a)_thenan_sf.oS
(/opt/sparc-linux-3.4.4/lib/gcc/sparc-linux/3.4.4/soft/v8/libgcc.a)_addsub_df.oS
(/opt/sparc-linux-3.4.4/lib/gcc/sparc-linux/3.4.4/soft/v8/libgcc.a)_mul_df.oS
(/opt/sparc-linux-3.4.4/lib/gcc/sparc-linux/3.4.4/soft/v8/libgcc.a)_div_df.oS
(/opt/sparc-linux-3.4.4/lib/gcc/sparc-linux/3.4.4/soft/v8/libgcc.a)_eq_df.oS
(/opt/sparc-linux-3.4.4/lib/gcc/sparc-linux/3.4.4/soft/v8/libgcc.a)_ne_df.oS
(/opt/sparc-linux-3.4.4/lib/gcc/sparc-linux/3.4.4/soft/v8/libgcc.a)_gt_df.oS
(/opt/sparc-linux-3.4.4/lib/gcc/sparc-linux/3.4.4/soft/v8/libgcc.a)_ge_df.oS
(/opt/sparc-linux-3.4.4/lib/gcc/sparc-linux/3.4.4/soft/v8/libgcc.a)_lt_df.oS
(/opt/sparc-linux-3.4.4/lib/gcc/sparc-linux/3.4.4/soft/v8/libgcc.a)_le_df.oS
(/opt/sparc-linux-3.4.4/lib/gcc/sparc-linux/3.4.4/soft/v8/libgcc.a)_si_to_df.oS
(/opt/sparc-linux-3.4.4/lib/gcc/sparc-linux/3.4.4/soft/v8/libgcc.a)_df_to_si.oS
(/opt/sparc-linux-3.4.4/lib/gcc/sparc-linux/3.4.4/soft/v8/libgcc.a)_make_df.oS
(/opt/sparc-linux-3.4.4/lib/gcc/sparc-linux/3.4.4/soft/v8/libgcc.a)_thenan_df.oS
(/opt/sparc-linux-3.4.4/lib/gcc/sparc-linux/3.4.4/soft/v8/libgcc.a)_clz.oS
(/opt/sparc-linux-3.4.4/lib/gcc/sparc-linux/3.4.4/soft/v8/libgcc.a)_pack_sf.oS
(/opt/sparc-linux-3.4.4/lib/gcc/sparc-linux/3.4.4/soft/v8/libgcc.a)_unpack_sf.oS
(/opt/sparc-linux-3.4.4/lib/gcc/sparc-linux/3.4.4/soft/v8/libgcc.a)_pack_df.oS
(/opt/sparc-linux-3.4.4/lib/gcc/sparc-linux/3.4.4/soft/v8/libgcc.a)_unpack_df.oS
(/opt/sparc-linux-3.4.4/lib/gcc/sparc-linux/3.4.4/soft/v8/libgcc.a)_fpcmp_parts_df.oS
(/opt/sparc-linux-3.4.4/lib/gcc/sparc-linux/3.4.4/soft/v8/libgcc.a)_ashldi3.oS
attempt to open /opt/sparc-linux-3.4.4/lib/gcc/sparc-linux/3.4.4/soft/v8/libgcc_s_soft_v8.so failed
attempt to open /opt/sparc-linux-3.4.4/lib/gcc/sparc-linux/3.4.4/soft/v8/libgcc_s_soft_v8.a failed
attempt to open /opt/sparc-linux-3.4.4/lib/gcc/sparc-linux/3.4.4/libgcc_s_soft_v8.so failed
attempt to open /opt/sparc-linux-3.4.4/lib/gcc/sparc-linux/3.4.4/libgcc_s_soft_v8.a failed
attempt to open /opt/sparc-linux-3.4.4/lib/gcc/sparc-linux/3.4.4/../../../../sparc-linux/lib/soft/v8/libgcc_s_soft_v8.so failed
attempt to open /opt/sparc-linux-3.4.4/lib/gcc/sparc-linux/3.4.4/../../../../sparc-linux/lib/soft/v8/libgcc_s_soft_v8.a failed
attempt to open /opt/sparc-linux-3.4.4/lib/gcc/sparc-linux/3.4.4/../../../../sparc-linux/lib/libgcc_s_soft_v8.so succeeded
-lgcc_s_soft_v8 (/opt/sparc-linux-3.4.4/lib/gcc/sparc-linux/3.4.4/../../../../sparc-linux/lib/libgcc_s_soft_v8.so)
attempt to open /opt/sparc-linux-3.4.4/lib/gcc/sparc-linux/3.4.4/soft/v8/libc.so failed
attempt to open /opt/sparc-linux-3.4.4/lib/gcc/sparc-linux/3.4.4/soft/v8/libc.a failed
attempt to open /opt/sparc-linux-3.4.4/lib/gcc/sparc-linux/3.4.4/libc.so failed
attempt to open /opt/sparc-linux-3.4.4/lib/gcc/sparc-linux/3.4.4/libc.a failed
attempt to open /opt/sparc-linux-3.4.4/lib/gcc/sparc-linux/3.4.4/../../../../sparc-linux/lib/soft/v8/libc.so succeeded
opened script file /opt/sparc-linux-3.4.4/lib/gcc/sparc-linux/3.4.4/../../../../sparc-linux/lib/soft/v8/libc.so
opened script file /opt/sparc-linux-3.4.4/lib/gcc/sparc-linux/3.4.4/../../../../sparc-linux/lib/soft/v8/libc.so
attempt to open /opt/sparc-linux-3.4.4/sparc-linux/lib/soft/v8/libc.so.6 succeeded
/opt/sparc-linux-3.4.4/sparc-linux/lib/soft/v8/libc.so.6
attempt to open /opt/sparc-linux-3.4.4/sparc-linux/lib/soft/v8/libc_nonshared.a succeeded
(/opt/sparc-linux-3.4.4/sparc-linux/lib/soft/v8/libc_nonshared.a)elf-init.oS
(/opt/sparc-linux-3.4.4/sparc-linux/lib/soft/v8/libc_nonshared.a)atexit.oS
(/opt/sparc-linux-3.4.4/sparc-linux/lib/soft/v8/libc_nonshared.a)stat64.oS
(/opt/sparc-linux-3.4.4/sparc-linux/lib/soft/v8/libc_nonshared.a)lstat64.oS
attempt to open /opt/sparc-linux-3.4.4/sparc-linux/lib/soft/v8/ld-linux.so.2 succeeded
/opt/sparc-linux-3.4.4/sparc-linux/lib/soft/v8/ld-linux.so.2
attempt to open /opt/sparc-linux-3.4.4/lib/gcc/sparc-linux/3.4.4/soft/v8/libgcc.so failed
attempt to open /opt/sparc-linux-3.4.4/lib/gcc/sparc-linux/3.4.4/soft/v8/libgcc.a succeeded
attempt to open /opt/sparc-linux-3.4.4/lib/gcc/sparc-linux/3.4.4/soft/v8/libgcc_s_soft_v8.so failed
attempt to open /opt/sparc-linux-3.4.4/lib/gcc/sparc-linux/3.4.4/soft/v8/libgcc_s_soft_v8.a failed
attempt to open /opt/sparc-linux-3.4.4/lib/gcc/sparc-linux/3.4.4/libgcc_s_soft_v8.so failed
attempt to open /opt/sparc-linux-3.4.4/lib/gcc/sparc-linux/3.4.4/libgcc_s_soft_v8.a failed
attempt to open /opt/sparc-linux-3.4.4/lib/gcc/sparc-linux/3.4.4/../../../../sparc-linux/lib/soft/v8/libgcc_s_soft_v8.so failed
attempt to open /opt/sparc-linux-3.4.4/lib/gcc/sparc-linux/3.4.4/../../../../sparc-linux/lib/soft/v8/libgcc_s_soft_v8.a failed
attempt to open /opt/sparc-linux-3.4.4/lib/gcc/sparc-linux/3.4.4/../../../../sparc-linux/lib/libgcc_s_soft_v8.so succeeded
-lgcc_s_soft_v8 (/opt/sparc-linux-3.4.4/lib/gcc/sparc-linux/3.4.4/../../../../sparc-linux/lib/libgcc_s_soft_v8.so)
attempt to open /opt/sparc-linux-3.4.4/lib/gcc/sparc-linux/3.4.4/soft/v8/crtend.o succeeded
/opt/sparc-linux-3.4.4/lib/gcc/sparc-linux/3.4.4/soft/v8/crtend.o
attempt to open /opt/sparc-linux-3.4.4/lib/gcc/sparc-linux/3.4.4/soft/v8/crtn.o succeeded
/opt/sparc-linux-3.4.4/lib/gcc/sparc-linux/3.4.4/soft/v8/crtn.o
ld-linux.so.2 needed by /opt/sparc-linux-3.4.4/sparc-linux/lib/soft/v8/libc.so.6
found ld-linux.so.2 at /opt/sparc-linux-3.4.4/sparc-linux/bin/../lib/ld-linux.so.2
